[debug] [2024-06-10T11:45:16.848Z] ----------------------------------------------------------------------
[debug] [2024-06-10T11:45:16.849Z] Command:       /Users/robert.molloy/.nvm/versions/node/v18.17.1/bin/node /Users/robert.molloy/.nvm/versions/node/v18.17.1/bin/firebase deploy
[debug] [2024-06-10T11:45:16.849Z] CLI Version:   13.10.2
[debug] [2024-06-10T11:45:16.850Z] Platform:      darwin
[debug] [2024-06-10T11:45:16.850Z] Node Version:  v18.17.1
[debug] [2024-06-10T11:45:16.850Z] Time:          Mon Jun 10 2024 12:45:16 GMT+0100 (British Summer Time)
[debug] [2024-06-10T11:45:16.851Z] ----------------------------------------------------------------------
[debug] 
[debug] [2024-06-10T11:45:16.883Z] > command requires scopes: ["email","openid","https://www.googleapis.com/auth/cloudplatformprojects.readonly","https://www.googleapis.com/auth/firebase","https://www.googleapis.com/auth/cloud-platform"]
[debug] [2024-06-10T11:45:16.884Z] > authorizing via signed-in user (romolocodes@gmail.com)
[debug] [2024-06-10T11:45:16.884Z] [iam] checking project pipeline-genius for permissions ["firebase.projects.get","firebasehosting.sites.update"]
[debug] [2024-06-10T11:45:16.885Z] >>> [apiv2][query] POST https://cloudresourcemanager.googleapis.com/v1/projects/pipeline-genius:testIamPermissions [none]
[debug] [2024-06-10T11:45:16.885Z] >>> [apiv2][(partial)header] POST https://cloudresourcemanager.googleapis.com/v1/projects/pipeline-genius:testIamPermissions x-goog-quota-user=projects/pipeline-genius
[debug] [2024-06-10T11:45:16.885Z] >>> [apiv2][body] POST https://cloudresourcemanager.googleapis.com/v1/projects/pipeline-genius:testIamPermissions {"permissions":["firebase.projects.get","firebasehosting.sites.update"]}
[debug] [2024-06-10T11:45:17.609Z] <<< [apiv2][status] POST https://cloudresourcemanager.googleapis.com/v1/projects/pipeline-genius:testIamPermissions 200
[debug] [2024-06-10T11:45:17.610Z] <<< [apiv2][body] POST https://cloudresourcemanager.googleapis.com/v1/projects/pipeline-genius:testIamPermissions {"permissions":["firebase.projects.get","firebasehosting.sites.update"]}
[debug] [2024-06-10T11:45:17.611Z] >>> [apiv2][query] GET https://firebase.googleapis.com/v1beta1/projects/pipeline-genius [none]
[debug] [2024-06-10T11:45:17.846Z] <<< [apiv2][status] GET https://firebase.googleapis.com/v1beta1/projects/pipeline-genius 200
[debug] [2024-06-10T11:45:17.846Z] <<< [apiv2][body] GET https://firebase.googleapis.com/v1beta1/projects/pipeline-genius {"projectId":"pipeline-genius","projectNumber":"3919337294","displayName":"pipeline-genius","name":"projects/pipeline-genius","resources":{"hostingSite":"pipeline-genius"},"state":"ACTIVE","etag":"1_b74041d7-f87e-492f-a759-f35115bfb447"}
[info] 
   Thank you for trying our early preview of Next.js support on Firebase Hosting.
   During the preview, support is best-effort and breaking changes can be expected. Proceed with caution.

   Documentation: https://firebase.google.com/docs/hosting/frameworks/nextjs
   File a bug: https://github.com/firebase/firebase-tools/issues/new?template=bug_report.md
   Submit a feature request: https://github.com/firebase/firebase-tools/issues/new?template=feature_request.md

   We'd love to learn from you. Express your interest in helping us shape the future of Firebase Hosting: https://goo.gle/41enW5X

[debug] [2024-06-10T11:45:26.658Z] >>> [apiv2][query] GET https://firebasehosting.googleapis.com/v1beta1/projects/pipeline-genius/sites/pipeline-genius [none]
[debug] [2024-06-10T11:45:27.737Z] <<< [apiv2][status] GET https://firebasehosting.googleapis.com/v1beta1/projects/pipeline-genius/sites/pipeline-genius 200
[debug] [2024-06-10T11:45:27.738Z] <<< [apiv2][body] GET https://firebasehosting.googleapis.com/v1beta1/projects/pipeline-genius/sites/pipeline-genius {"name":"projects/pipeline-genius/sites/pipeline-genius","defaultUrl":"https://pipeline-genius.web.app","type":"DEFAULT_SITE"}
[info]    Linting and checking validity of types ...

[info]    Creating an optimized production build ...

[info]  ✓ Compiled successfully

[info]    Collecting page data ...

[info]    Generating static pages (0/3) ...

[info]  ✓ Generating static pages (3/3) 

[info]    Finalizing page optimization ...

[info]    Collecting build traces ...

[info] 

[info] Route (pages)                              Size     First Load JS
┌ ○ /                                      410 B          79.6 kB
├   └ css/c9a3b95e60d92791.css             634 B
├   /_app                                  0 B            79.2 kB
├ ○ /404                                   182 B          79.4 kB
└ λ /api/hello                             0 B            79.2 kB
+ First Load JS shared by all              80.9 kB
  ├ chunks/framework-d22cfc470a7520a9.js   45.3 kB
  ├ chunks/main-7af7d5359a6145de.js        32.8 kB
  ├ chunks/pages/_app-39c1abd0d870f45d.js  309 B
  ├ chunks/webpack-fd8027ecb5121007.js     770 B
  └ css/f6d869136b7b3dd2.css               1.65 kB


[info] λ  (Server)  server-side renders at runtime (uses getInitialProps or getServerSideProps)
○  (Static)  automatically rendered as static HTML (uses no initial props)


[info] Building a Cloud Function to run this application. This is needed due to:
[info]  • non-static route /api/hello
[info] 
[debug] [2024-06-10T11:45:46.826Z] >>> [apiv2][query] GET https://firebasehosting.googleapis.com/v1beta1/projects/pipeline-genius/sites/pipeline-genius [none]
[debug] [2024-06-10T11:45:47.784Z] <<< [apiv2][status] GET https://firebasehosting.googleapis.com/v1beta1/projects/pipeline-genius/sites/pipeline-genius 200
[debug] [2024-06-10T11:45:47.785Z] <<< [apiv2][body] GET https://firebasehosting.googleapis.com/v1beta1/projects/pipeline-genius/sites/pipeline-genius {"name":"projects/pipeline-genius/sites/pipeline-genius","defaultUrl":"https://pipeline-genius.web.app","type":"DEFAULT_SITE"}
